app/build/intermediates/manifest_merge_blame_file/debug/processDebugMainManifest/manifest-merger-blame-debug-report.txt
1<?xml version="1.0" encoding="utf-8"?>
2<manifest xmlns:android="http://schemas.android.com/apk/res/android"
3    package="com.gharkaam.app"
4    android:versionCode="1"
5    android:versionName="1.0" >
6
7    <uses-sdk
8        android:minSdkVersion="23"
9        android:targetSdkVersion="36" />
10
11    <!-- Although the *SdkVersion is captured in gradle build files, this is required for non gradle builds -->
12    <!-- <uses-sdk android:minSdkVersion="21"/> -->
13    <uses-permission android:name="android.permission.ACCESS_NETWORK_STATE" />
13-->[com.google.firebase:firebase-storage:22.0.0] AndroidManifest.xml:23:5-79
13-->[com.google.firebase:firebase-storage:22.0.0] AndroidManifest.xml:23:22-76
14    <uses-permission android:name="android.permission.INTERNET" />
14-->[com.google.firebase:firebase-storage:22.0.0] AndroidManifest.xml:24:5-67
14-->[com.google.firebase:firebase-storage:22.0.0] AndroidManifest.xml:24:22-64
15    <uses-permission android:name="com.google.android.providers.gsf.permission.READ_GSERVICES" />
15-->[com.google.android.recaptcha:recaptcha:18.6.1] AndroidManifest.xml:9:5-98
15-->[com.google.android.recaptcha:recaptcha:18.6.1] AndroidManifest.xml:9:22-95
16
17    <application
17-->src/main/AndroidManifest.xml:4:5-31:19
18        android:allowBackup="true"
18-->src/main/AndroidManifest.xml:9:9-35
19        android:appComponentFactory="androidx.core.app.CoreComponentFactory"
19-->[androidx.core:core:1.2.0] AndroidManifest.xml:24:18-86
20        android:debuggable="true"
21        android:extractNativeLibs="false"
22        android:icon="@mipmap/ic_launcher"
22-->src/main/AndroidManifest.xml:7:9-43
23        android:label="GharKaam"
23-->src/main/AndroidManifest.xml:6:9-33
24        android:roundIcon="@mipmap/ic_launcher"
24-->src/main/AndroidManifest.xml:8:9-48
25        android:supportsRtl="true"
25-->src/main/AndroidManifest.xml:10:9-35
26        android:theme="@style/AppTheme" >
26-->src/main/AndroidManifest.xml:5:9-40
27        <activity android:name="com.gharkaam.app.PhoneAuthActivity" />
27-->src/main/AndroidManifest.xml:12:9-55
27-->src/main/AndroidManifest.xml:12:19-52
28        <activity android:name="com.gharkaam.app.LoginActivity" />
28-->src/main/AndroidManifest.xml:13:9-51
28-->src/main/AndroidManifest.xml:13:19-48
29        <activity android:name="com.gharkaam.app.WorkerRegistrationActivity" />
29-->src/main/AndroidManifest.xml:14:9-64
29-->src/main/AndroidManifest.xml:14:19-61
30        <activity android:name="com.gharkaam.app.FindWorkerActivity" />
30-->src/main/AndroidManifest.xml:15:9-56
30-->src/main/AndroidManifest.xml:15:19-53
31        <activity android:name="com.gharkaam.app.WorkerProfileActivity" />
31-->src/main/AndroidManifest.xml:16:9-59
31-->src/main/AndroidManifest.xml:16:19-56
32        <activity android:name="com.gharkaam.app.MyWorkerProfileActivity" />
32-->src/main/AndroidManifest.xml:17:9-61
32-->src/main/AndroidManifest.xml:17:19-58
33        <activity android:name="com.gharkaam.app.EditWorkerProfileActivity" />
33-->src/main/AndroidManifest.xml:18:9-63
33-->src/main/AndroidManifest.xml:18:19-60
34        <activity
34-->src/main/AndroidManifest.xml:20:9-29:20
35            android:name="com.gharkaam.app.MainActivity"
35-->src/main/AndroidManifest.xml:21:13-41
36            android:exported="true" >
36-->src/main/AndroidManifest.xml:22:13-36
37            <intent-filter>
37-->src/main/AndroidManifest.xml:24:13-27:29
38                <action android:name="android.intent.action.MAIN" />
38-->src/main/AndroidManifest.xml:25:17-69
38-->src/main/AndroidManifest.xml:25:25-66
39
40                <category android:name="android.intent.category.LAUNCHER" />
40-->src/main/AndroidManifest.xml:26:17-77
40-->src/main/AndroidManifest.xml:26:27-74
41            </intent-filter>
42        </activity>
43
44        <service
44-->[com.google.firebase:firebase-storage:22.0.0] AndroidManifest.xml:27:9-36:19
45            android:name="com.google.firebase.components.ComponentDiscoveryService"
45-->[com.google.firebase:firebase-storage:22.0.0] AndroidManifest.xml:28:13-84
46            android:directBootAware="true"
46-->[com.google.firebase:firebase-common:22.0.0] AndroidManifest.xml:32:13-43
47            android:exported="false" >
47-->[com.google.firebase:firebase-storage:22.0.0] AndroidManifest.xml:29:13-37
48            <meta-data
48-->[com.google.firebase:firebase-storage:22.0.0] AndroidManifest.xml:30:13-32:85
49                android:name="com.google.firebase.components:com.google.firebase.storage.FirebaseStorageKtxRegistrar"
49-->[com.google.firebase:firebase-storage:22.0.0] AndroidManifest.xml:31:17-118
50                android:value="com.google.firebase.components.ComponentRegistrar" />
50-->[com.google.firebase:firebase-storage:22.0.0] AndroidManifest.xml:32:17-82
51            <meta-data
51-->[com.google.firebase:firebase-storage:22.0.0] AndroidManifest.xml:33:13-35:85
52                android:name="com.google.firebase.components:com.google.firebase.storage.StorageRegistrar"
52-->[com.google.firebase:firebase-storage:22.0.0] AndroidManifest.xml:34:17-107
53                android:value="com.google.firebase.components.ComponentRegistrar" />
53-->[com.google.firebase:firebase-storage:22.0.0] AndroidManifest.xml:35:17-82
54            <meta-data
54-->[com.google.firebase:firebase-firestore:26.0.0] AndroidManifest.xml:17:13-19:85
55                android:name="com.google.firebase.components:com.google.firebase.firestore.FirebaseFirestoreKtxRegistrar"
55-->[com.google.firebase:firebase-firestore:26.0.0] AndroidManifest.xml:18:17-122
56                android:value="com.google.firebase.components.ComponentRegistrar" />
56-->[com.google.firebase:firebase-firestore:26.0.0] AndroidManifest.xml:19:17-82
57            <meta-data
57-->[com.google.firebase:firebase-firestore:26.0.0] AndroidManifest.xml:20:13-22:85
58                android:name="com.google.firebase.components:com.google.firebase.firestore.FirestoreRegistrar"
58-->[com.google.firebase:firebase-firestore:26.0.0] AndroidManifest.xml:21:17-111
59                android:value="com.google.firebase.components.ComponentRegistrar" />
59-->[com.google.firebase:firebase-firestore:26.0.0] AndroidManifest.xml:22:17-82
60            <meta-data
60-->[com.google.firebase:firebase-auth:24.0.1] AndroidManifest.xml:69:13-71:85
61                android:name="com.google.firebase.components:com.google.firebase.auth.FirebaseAuthRegistrar"
61-->[com.google.firebase:firebase-auth:24.0.1] AndroidManifest.xml:70:17-109
62                android:value="com.google.firebase.components.ComponentRegistrar" />
62-->[com.google.firebase:firebase-auth:24.0.1] AndroidManifest.xml:71:17-82
63            <meta-data
63-->[com.google.firebase:firebase-appcheck:19.0.0] AndroidManifest.xml:25:13-27:85
64                android:name="com.google.firebase.components:com.google.firebase.appcheck.FirebaseAppCheckKtxRegistrar"
64-->[com.google.firebase:firebase-appcheck:19.0.0] AndroidManifest.xml:26:17-120
65                android:value="com.google.firebase.components.ComponentRegistrar" />
65-->[com.google.firebase:firebase-appcheck:19.0.0] AndroidManifest.xml:27:17-82
66            <meta-data
66-->[com.google.firebase:firebase-appcheck:19.0.0] AndroidManifest.xml:28:13-30:85
67                android:name="com.google.firebase.components:com.google.firebase.appcheck.FirebaseAppCheckRegistrar"
67-->[com.google.firebase:firebase-appcheck:19.0.0] AndroidManifest.xml:29:17-117
68                android:value="com.google.firebase.components.ComponentRegistrar" />
68-->[com.google.firebase:firebase-appcheck:19.0.0] AndroidManifest.xml:30:17-82
69            <meta-data
69-->[com.google.firebase:firebase-common:22.0.0] AndroidManifest.xml:35:13-37:85
70                android:name="com.google.firebase.components:com.google.firebase.FirebaseCommonKtxRegistrar"
70-->[com.google.firebase:firebase-common:22.0.0] AndroidManifest.xml:36:17-109
71                android:value="com.google.firebase.components.ComponentRegistrar" />
71-->[com.google.firebase:firebase-common:22.0.0] AndroidManifest.xml:37:17-82
72        </service>
73
74        <activity
74-->[com.google.firebase:firebase-auth:24.0.1] AndroidManifest.xml:29:9-46:20
75            android:name="com.google.firebase.auth.internal.GenericIdpActivity"
75-->[com.google.firebase:firebase-auth:24.0.1] AndroidManifest.xml:30:13-80
76            android:excludeFromRecents="true"
76-->[com.google.firebase:firebase-auth:24.0.1] AndroidManifest.xml:31:13-46
77            android:exported="true"
77-->[com.google.firebase:firebase-auth:24.0.1] AndroidManifest.xml:32:13-36
78            android:launchMode="singleTask"
78-->[com.google.firebase:firebase-auth:24.0.1] AndroidManifest.xml:33:13-44
79            android:theme="@android:style/Theme.Translucent.NoTitleBar" >
79-->[com.google.firebase:firebase-auth:24.0.1] AndroidManifest.xml:34:13-72
80            <intent-filter>
80-->[com.google.firebase:firebase-auth:24.0.1] AndroidManifest.xml:35:13-45:29
81                <action android:name="android.intent.action.VIEW" />
81-->[com.google.firebase:firebase-auth:24.0.1] AndroidManifest.xml:36:17-69
81-->[com.google.firebase:firebase-auth:24.0.1] AndroidManifest.xml:36:25-66
82
83                <category android:name="android.intent.category.DEFAULT" />
83-->[com.google.firebase:firebase-auth:24.0.1] AndroidManifest.xml:38:17-76
83-->[com.google.firebase:firebase-auth:24.0.1] AndroidManifest.xml:38:27-73
84                <category android:name="android.intent.category.BROWSABLE" />
84-->[com.google.firebase:firebase-auth:24.0.1] AndroidManifest.xml:39:17-78
84-->[com.google.firebase:firebase-auth:24.0.1] AndroidManifest.xml:39:27-75
85
86                <data
86-->[com.google.firebase:firebase-auth:24.0.1] AndroidManifest.xml:41:17-44:51
87                    android:host="firebase.auth"
87-->[com.google.firebase:firebase-auth:24.0.1] AndroidManifest.xml:42:21-49
88                    android:path="/"
88-->[com.google.firebase:firebase-auth:24.0.1] AndroidManifest.xml:43:21-37
89                    android:scheme="genericidp" />
89-->[com.google.firebase:firebase-auth:24.0.1] AndroidManifest.xml:44:21-48
90            </intent-filter>
91        </activity>
92        <activity
92-->[com.google.firebase:firebase-auth:24.0.1] AndroidManifest.xml:47:9-64:20
93            android:name="com.google.firebase.auth.internal.RecaptchaActivity"
93-->[com.google.firebase:firebase-auth:24.0.1] AndroidManifest.xml:48:13-79
94            android:excludeFromRecents="true"
94-->[com.google.firebase:firebase-auth:24.0.1] AndroidManifest.xml:49:13-46
95            android:exported="true"
95-->[com.google.firebase:firebase-auth:24.0.1] AndroidManifest.xml:50:13-36
96            android:launchMode="singleTask"
96-->[com.google.firebase:firebase-auth:24.0.1] AndroidManifest.xml:51:13-44
97            android:theme="@android:style/Theme.Translucent.NoTitleBar" >
97-->[com.google.firebase:firebase-auth:24.0.1] AndroidManifest.xml:52:13-72
98            <intent-filter>
98-->[com.google.firebase:firebase-auth:24.0.1] AndroidManifest.xml:53:13-63:29
99                <action android:name="android.intent.action.VIEW" />
99-->[com.google.firebase:firebase-auth:24.0.1] AndroidManifest.xml:36:17-69
99-->[com.google.firebase:firebase-auth:24.0.1] AndroidManifest.xml:36:25-66
100
101                <category android:name="android.intent.category.DEFAULT" />
101-->[com.google.firebase:firebase-auth:24.0.1] AndroidManifest.xml:38:17-76
101-->[com.google.firebase:firebase-auth:24.0.1] AndroidManifest.xml:38:27-73
102                <category android:name="android.intent.category.BROWSABLE" />
102-->[com.google.firebase:firebase-auth:24.0.1] AndroidManifest.xml:39:17-78
102-->[com.google.firebase:firebase-auth:24.0.1] AndroidManifest.xml:39:27-75
103
104                <data
104-->[com.google.firebase:firebase-auth:24.0.1] AndroidManifest.xml:41:17-44:51
105                    android:host="firebase.auth"
105-->[com.google.firebase:firebase-auth:24.0.1] AndroidManifest.xml:42:21-49
106                    android:path="/"
106-->[com.google.firebase:firebase-auth:24.0.1] AndroidManifest.xml:43:21-37
107                    android:scheme="recaptcha" />
107-->[com.google.firebase:firebase-auth:24.0.1] AndroidManifest.xml:44:21-48
108            </intent-filter>
109        </activity>
110
111        <provider
111-->[com.google.firebase:firebase-common:22.0.0] AndroidManifest.xml:23:9-28:39
112            android:name="com.google.firebase.provider.FirebaseInitProvider"
112-->[com.google.firebase:firebase-common:22.0.0] AndroidManifest.xml:24:13-77
113            android:authorities="com.gharkaam.app.firebaseinitprovider"
113-->[com.google.firebase:firebase-common:22.0.0] AndroidManifest.xml:25:13-72
114            android:directBootAware="true"
114-->[com.google.firebase:firebase-common:22.0.0] AndroidManifest.xml:26:13-43
115            android:exported="false"
115-->[com.google.firebase:firebase-common:22.0.0] AndroidManifest.xml:27:13-37
116            android:initOrder="100" />
116-->[com.google.firebase:firebase-common:22.0.0] AndroidManifest.xml:28:13-36
117
118        <service
118-->[androidx.credentials:credentials-play-services-auth:1.2.0-rc01] AndroidManifest.xml:24:9-32:19
119            android:name="androidx.credentials.playservices.CredentialProviderMetadataHolder"
119-->[androidx.credentials:credentials-play-services-auth:1.2.0-rc01] AndroidManifest.xml:25:13-94
120            android:enabled="true"
120-->[androidx.credentials:credentials-play-services-auth:1.2.0-rc01] AndroidManifest.xml:26:13-35
121            android:exported="false" >
121-->[androidx.credentials:credentials-play-services-auth:1.2.0-rc01] AndroidManifest.xml:27:13-37
122            <meta-data
122-->[androidx.credentials:credentials-play-services-auth:1.2.0-rc01] AndroidManifest.xml:29:13-31:104
123                android:name="androidx.credentials.CREDENTIAL_PROVIDER_KEY"
123-->[androidx.credentials:credentials-play-services-auth:1.2.0-rc01] AndroidManifest.xml:30:17-76
124                android:value="androidx.credentials.playservices.CredentialProviderPlayServicesImpl" />
124-->[androidx.credentials:credentials-play-services-auth:1.2.0-rc01] AndroidManifest.xml:31:17-101
125        </service>
126
127        <activity
127-->[androidx.credentials:credentials-play-services-auth:1.2.0-rc01] AndroidManifest.xml:34:9-41:20
128            android:name="androidx.credentials.playservices.HiddenActivity"
128-->[androidx.credentials:credentials-play-services-auth:1.2.0-rc01] AndroidManifest.xml:35:13-76
129            android:configChanges="orientation|screenSize|screenLayout|keyboardHidden"
129-->[androidx.credentials:credentials-play-services-auth:1.2.0-rc01] AndroidManifest.xml:36:13-87
130            android:enabled="true"
130-->[androidx.credentials:credentials-play-services-auth:1.2.0-rc01] AndroidManifest.xml:37:13-35
131            android:exported="false"
131-->[androidx.credentials:credentials-play-services-auth:1.2.0-rc01] AndroidManifest.xml:38:13-37
132            android:fitsSystemWindows="true"
132-->[androidx.credentials:credentials-play-services-auth:1.2.0-rc01] AndroidManifest.xml:39:13-45
133            android:theme="@style/Theme.Hidden" >
133-->[androidx.credentials:credentials-play-services-auth:1.2.0-rc01] AndroidManifest.xml:40:13-48
134        </activity>
135        <activity
135-->[com.google.android.gms:play-services-auth:20.7.0] AndroidManifest.xml:23:9-27:75
136            android:name="com.google.android.gms.auth.api.signin.internal.SignInHubActivity"
136-->[com.google.android.gms:play-services-auth:20.7.0] AndroidManifest.xml:24:13-93
137            android:excludeFromRecents="true"
137-->[com.google.android.gms:play-services-auth:20.7.0] AndroidManifest.xml:25:13-46
138            android:exported="false"
138-->[com.google.android.gms:play-services-auth:20.7.0] AndroidManifest.xml:26:13-37
139            android:theme="@android:style/Theme.Translucent.NoTitleBar" />
139-->[com.google.android.gms:play-services-auth:20.7.0] AndroidManifest.xml:27:13-72
140        <!--
141            Service handling Google Sign-In user revocation. For apps that do not integrate with
142            Google Sign-In, this service will never be started.
143        -->
144        <service
144-->[com.google.android.gms:play-services-auth:20.7.0] AndroidManifest.xml:33:9-37:51
145            android:name="com.google.android.gms.auth.api.signin.RevocationBoundService"
145-->[com.google.android.gms:play-services-auth:20.7.0] AndroidManifest.xml:34:13-89
146            android:exported="true"
146-->[com.google.android.gms:play-services-auth:20.7.0] AndroidManifest.xml:35:13-36
147            android:permission="com.google.android.gms.auth.api.signin.permission.REVOCATION_NOTIFICATION"
147-->[com.google.android.gms:play-services-auth:20.7.0] AndroidManifest.xml:36:13-107
148            android:visibleToInstantApps="true" />
148-->[com.google.android.gms:play-services-auth:20.7.0] AndroidManifest.xml:37:13-48
149
150        <activity
150-->[com.google.android.gms:play-services-base:18.1.0] AndroidManifest.xml:20:9-22:45
151            android:name="com.google.android.gms.common.api.GoogleApiActivity"
151-->[com.google.android.gms:play-services-base:18.1.0] AndroidManifest.xml:20:19-85
152            android:exported="false"
152-->[com.google.android.gms:play-services-base:18.1.0] AndroidManifest.xml:22:19-43
153            android:theme="@android:style/Theme.Translucent.NoTitleBar" />
153-->[com.google.android.gms:play-services-base:18.1.0] AndroidManifest.xml:21:19-78
154
155        <meta-data
155-->[com.google.android.gms:play-services-basement:18.4.0] AndroidManifest.xml:6:9-122
156            android:name="com.google.android.gms.version"
156-->[com.google.android.gms:play-services-basement:18.4.0] AndroidManifest.xml:6:20-65
157            android:value="@integer/google_play_services_version" /> <!-- The activities will be merged into the manifest of the hosting app. -->
157-->[com.google.android.gms:play-services-basement:18.4.0] AndroidManifest.xml:6:66-119
158        <activity
158-->[com.google.android.play:core-common:2.0.3] AndroidManifest.xml:14:9-18:65
159            android:name="com.google.android.play.core.common.PlayCoreDialogWrapperActivity"
159-->[com.google.android.play:core-common:2.0.3] AndroidManifest.xml:15:13-93
160            android:exported="false"
160-->[com.google.android.play:core-common:2.0.3] AndroidManifest.xml:16:13-37
161            android:stateNotNeeded="true"
161-->[com.google.android.play:core-common:2.0.3] AndroidManifest.xml:17:13-42
162            android:theme="@style/Theme.PlayCore.Transparent" />
162-->[com.google.android.play:core-common:2.0.3] AndroidManifest.xml:18:13-62
163    </application>
164
165</manifest>